<?xml version="1.0" encoding="UTF-8"?>
<testng-results ignored="0" total="1" passed="1" failed="0" skipped="0">
  <reporter-output>
  </reporter-output>
  <suite started-at="2022-02-27T04:06:44 SGT" name="Suite" finished-at="2022-02-27T04:06:44 SGT" duration-ms="40">
    <groups>
    </groups>
    <test started-at="2022-02-27T04:06:44 SGT" name="Test" finished-at="2022-02-27T04:06:44 SGT" duration-ms="40">
      <class name="com.sdd.NewTest">
        <test-method is-config="true" signature="beforeTest()[pri:0, instance:com.sdd.NewTest@21b2e768]" started-at="2022-02-27T04:06:44 SGT" name="beforeTest" finished-at="2022-02-27T04:06:44 SGT" duration-ms="9" status="PASS">
          <reporter-output>
          </reporter-output>
        </test-method> <!-- beforeTest -->
        <test-method signature="f()[pri:0, instance:com.sdd.NewTest@21b2e768]" started-at="2022-02-27T04:06:44 SGT" name="f" finished-at="2022-02-27T04:06:44 SGT" duration-ms="4" status="PASS">
          <reporter-output>
          </reporter-output>
        </test-method> <!-- f -->
        <test-method is-config="true" signature="afterTest()[pri:0, instance:com.sdd.NewTest@21b2e768]" started-at="2022-02-27T04:06:44 SGT" name="afterTest" finished-at="2022-02-27T04:06:44 SGT" duration-ms="0" status="PASS">
          <reporter-output>
          </reporter-output>
        </test-method> <!-- afterTest -->
      </class> <!-- com.sdd.NewTest -->
    </test> <!-- Test -->
  </suite> <!-- Suite -->
</testng-results>
